\BOOKMARK [1][-]{chapter*.2}{List of Figures}{}% 1
\BOOKMARK [1][-]{chapter*.3}{List of Tables}{}% 2
\BOOKMARK [1][-]{chapter*.3}{Abstract}{}% 3
\BOOKMARK [1][-]{chapter*.3}{Acknowledgments}{}% 4
\BOOKMARK [0][-]{chapter.1}{Introduction}{}% 5
\BOOKMARK [0][-]{chapter.2}{Motivation and Prior Work}{}% 6
\BOOKMARK [1][-]{section.2.1}{Samples Are Expensive To Find}{chapter.2}% 7
\BOOKMARK [1][-]{section.2.2}{Samples Are Tied To A Single Executable Binary}{chapter.2}% 8
\BOOKMARK [1][-]{section.2.3}{Validating The Selected Samples Is Infeasible}{chapter.2}% 9
\BOOKMARK [0][-]{chapter.3}{Full-System LoopPoint}{}% 10
\BOOKMARK [1][-]{section.3.1}{Implementation}{chapter.3}% 11
\BOOKMARK [2][-]{subsection.3.1.1}{Phase Analysis}{section.3.1}% 12
\BOOKMARK [2][-]{subsection.3.1.2}{Checkpoint Creation and Representative Region Simulation}{section.3.1}% 13
\BOOKMARK [1][-]{section.3.2}{LoopPoint Background}{chapter.3}% 14
\BOOKMARK [1][-]{section.3.3}{Full-System Implementation}{chapter.3}% 15
\BOOKMARK [1][-]{section.3.4}{Evaluation}{chapter.3}% 16
\BOOKMARK [0][-]{chapter.4}{The Nugget Framework}{}% 17
\BOOKMARK [1][-]{section.4.1}{Unit of Work}{chapter.4}% 18
\BOOKMARK [1][-]{section.4.2}{Preparation}{chapter.4}% 19
\BOOKMARK [1][-]{section.4.3}{Interval Analysis}{chapter.4}% 20
\BOOKMARK [2][-]{subsection.4.3.1}{Interval Analysis LLVM Pass}{section.4.3}% 21
\BOOKMARK [2][-]{subsection.4.3.2}{Interval Analysis Executable}{section.4.3}% 22
\BOOKMARK [1][-]{section.4.4}{Nugget Creation}{chapter.4}% 23
\BOOKMARK [2][-]{subsection.4.4.1}{Markers}{section.4.4}% 24
\BOOKMARK [2][-]{subsection.4.4.2}{Overhead of Hooks}{section.4.4}% 25
\BOOKMARK [1][-]{section.4.5}{Sample Validating}{chapter.4}% 26
\BOOKMARK [0][-]{chapter.5}{Evaluation}{}% 27
\BOOKMARK [1][-]{section.5.1}{Interval Analysis Efficiency \(Goal 1\)}{chapter.5}% 28
\BOOKMARK [2][-]{subsection.5.1.1}{Comparison with Functional Simulation}{section.5.1}% 29
\BOOKMARK [2][-]{subsection.5.1.2}{Mix of Workload Types}{section.5.1}% 30
\BOOKMARK [2][-]{subsection.5.1.3}{Scaling with Number of Threads}{section.5.1}% 31
\BOOKMARK [2][-]{subsection.5.1.4}{Summary}{section.5.1}% 32
\BOOKMARK [1][-]{section.5.2}{Applying Sampling Methodologies to the Nugget Framework and Validating the Selected Samples \(Goals 2 \046 3\)}{chapter.5}% 33
\BOOKMARK [2][-]{subsection.5.2.1}{Sampling Methodologies}{section.5.2}% 34
\BOOKMARK [2][-]{subsection.5.2.2}{Sample Validation}{section.5.2}% 35
\BOOKMARK [2][-]{subsection.5.2.3}{Hook Overhead}{section.5.2}% 36
\BOOKMARK [0][-]{chapter.6}{Case Studies}{}% 37
\BOOKMARK [1][-]{section.6.1}{Nuggets in Simulation and on Hardware}{chapter.6}% 38
\BOOKMARK [2][-]{subsection.6.1.1}{Experimental Setup}{section.6.1}% 39
\BOOKMARK [2][-]{subsection.6.1.2}{Results}{section.6.1}% 40
\BOOKMARK [1][-]{section.6.2}{Model Accuracy Evaluation}{chapter.6}% 41
\BOOKMARK [0][-]{chapter.7}{Conclusion}{}% 42
\BOOKMARK [0][-]{appendix.A}{Artifact Appendix}{}% 43
\BOOKMARK [1][-]{section.A.1}{Abstract}{appendix.A}% 44
\BOOKMARK [1][-]{section.A.2}{Artifact check-list \(meta-information\)}{appendix.A}% 45
\BOOKMARK [1][-]{section.A.3}{Description}{appendix.A}% 46
\BOOKMARK [2][-]{subsection.A.3.1}{How to access}{section.A.3}% 47
\BOOKMARK [2][-]{subsection.A.3.2}{Hardware dependencies}{section.A.3}% 48
\BOOKMARK [2][-]{subsection.A.3.3}{Software dependencies}{section.A.3}% 49
\BOOKMARK [2][-]{subsection.A.3.4}{Data sets}{section.A.3}% 50
\BOOKMARK [2][-]{subsection.A.3.5}{Models}{section.A.3}% 51
\BOOKMARK [1][-]{section.A.4}{Installation}{appendix.A}% 52
\BOOKMARK [1][-]{section.A.5}{Experiment workflow}{appendix.A}% 53
\BOOKMARK [1][-]{section.A.6}{Evaluation and expected results}{appendix.A}% 54
\BOOKMARK [1][-]{section.A.7}{Experiment customization}{appendix.A}% 55
